<?xml version="1.0" encoding="UTF-8"?>
<testsuite xmlns:xsi="http://www.w3.org/2001/XMLSchema-instance" xsi:noNamespaceSchemaLocation="https://maven.apache.org/surefire/maven-surefire-plugin/xsd/surefire-test-report-3.0.xsd" version="3.0" name="com.example.SportsTrackerTest" time="0.352" tests="5" errors="0" skipped="0" failures="0">
  <properties>
[...]
</properties>
  <testcase name="testCalculateTotalTimeWithNoActivities" classname="com.example.SportsTrackerTest" time="0.167"/>
  <testcase name="testCalculateTotalTimeWithLoggedActivities" classname="com.example.SportsTrackerTest" time="0.035">
    <system-out><![CDATA[Activity logged: Yoga for 30 minutes.
Activity logged: Jogging for 40 minutes.
]]></system-out>
  </testcase>
  <testcase name="testLogActivity" classname="com.example.SportsTrackerTest" time="0.01">
    <system-out><![CDATA[Activity logged: Running for 30 minutes.
]]></system-out>
  </testcase>
  <testcase name="testViewActivitiesWithNoActivities" classname="com.example.SportsTrackerTest" time="0.004"/>
  <testcase name="testViewActivitiesWithLoggedActivities" classname="com.example.SportsTrackerTest" time="0.005">
    <system-out><![CDATA[Activity logged: Swimming for 45 minutes.
Activity logged: Cycling for 60 minutes.
]]></system-out>
  </testcase>
</testsuite>